<?xml version="1.0" encoding="utf-8"?><testsuites name="pytest tests"><testsuite name="pytest" errors="0" failures="0" skipped="0" tests="15" time="4.265" timestamp="2026-07-05T20:59:30.105054+00:00" hostname="agent-env-1ece2df0-e154-4458-aced-468f574fd55d"><testcase classname="tests.test_avero_api" name="test_root" time="0.129" /><testcase classname="tests.test_avero_api" name="test_create_enquiry_full_payload" time="0.152" /><testcase classname="tests.test_avero_api" name="test_create_enquiry_missing_required" time="0.123" /><testcase classname="tests.test_avero_api" name="test_admin_login_wrong_password" time="0.364" /><testcase classname="tests.test_avero_api" name="test_admin_login_success" time="0.413" /><testcase classname="tests.test_avero_api" name="test_admin_enquiries_requires_auth" time="0.107" /><testcase classname="tests.test_avero_api" name="test_admin_enquiries_list" time="0.114" /><testcase classname="tests.test_avero_api" name="test_admin_stats" time="0.096" /><testcase classname="tests.test_avero_api" name="test_admin_patch_enquiry_status" time="0.273" /><testcase classname="tests.test_avero_api" name="test_blog_list" time="0.133" /><testcase classname="tests.test_avero_api" name="test_blog_get_single" time="0.100" /><testcase classname="tests.test_avero_api" name="test_blog_get_unknown_returns_404" time="0.104" /><testcase classname="tests.test_avero_api" name="test_robots_txt" time="0.101" /><testcase classname="tests.test_avero_api" name="test_sitemap_xml" time="0.104" /><testcase classname="tests.test_avero_api" name="test_chat_sse_stream" time="1.379" /></testsuite></testsuites>