<?xml version="1.0" encoding="utf-8"?><testsuites name="pytest tests"><testsuite name="pytest" errors="0" failures="1" skipped="0" tests="10" time="2.477" timestamp="2026-07-05T09:56:01.744204+00:00" hostname="agent-env-1ece2df0-e154-4458-aced-468f574fd55d"><testcase classname="tests.test_avero_api" name="test_root" time="0.190" /><testcase classname="tests.test_avero_api" name="test_create_enquiry_full_payload" time="0.115" /><testcase classname="tests.test_avero_api" name="test_create_enquiry_missing_required" time="0.140" /><testcase classname="tests.test_avero_api" name="test_admin_login_wrong_password" time="0.316" /><testcase classname="tests.test_avero_api" name="test_admin_login_success" time="0.351" /><testcase classname="tests.test_avero_api" name="test_admin_enquiries_requires_auth" time="0.102" /><testcase classname="tests.test_avero_api" name="test_admin_enquiries_list" time="0.099" /><testcase classname="tests.test_avero_api" name="test_admin_stats" time="0.100" /><testcase classname="tests.test_avero_api" name="test_admin_patch_enquiry_status" time="0.221" /><testcase classname="tests.test_avero_api" name="test_chat_sse_stream" time="0.306"><failure message="Failed: Chat error event: Failed to start streaming completion: litellm.BadRequestError: OpenAIException - Budget has been exceeded! Current cost: 0.0, Max budget: 0.0">backend/tests/test_avero_api.py:138: in test_chat_sse_stream
    pytest.fail(f"Chat error event: {evt.get('message')}")
E   Failed: Chat error event: Failed to start streaming completion: litellm.BadRequestError: OpenAIException - Budget has been exceeded! Current cost: 0.0, Max budget: 0.0</failure></testcase></testsuite></testsuites>